app/build/intermediates/manifest_merge_blame_file/debug/manifest-merger-blame-debug-report.txt
1<?xml version="1.0" encoding="utf-8"?>
2<manifest xmlns:android="http://schemas.android.com/apk/res/android"
3    package="com.example.allergicateversion2"
4    android:versionCode="1"
5    android:versionName="1.0" >
6
7    <uses-sdk
8        android:minSdkVersion="25"
9        android:targetSdkVersion="33" />
10
11    <uses-permission android:name="android.permission.INTERNET" />
11-->src\main\AndroidManifest.xml:6:5-67
11-->src\main\AndroidManifest.xml:6:22-64
12    <uses-permission android:name="android.permission.ACCESS_FINE_LOCATION" />
12-->src\main\AndroidManifest.xml:7:5-79
12-->src\main\AndroidManifest.xml:7:22-76
13    <uses-permission android:name="android.permission.ACCESS_COARSE_LOCATION" />
13-->src\main\AndroidManifest.xml:8:5-81
13-->src\main\AndroidManifest.xml:8:22-78
14
15    <meta-data
15-->src\main\AndroidManifest.xml:10:5-12:49
16        android:name="com.google.android.gms.games.APP_ID"
16-->src\main\AndroidManifest.xml:11:9-59
17        android:value="@string/google_app_id" />
17-->src\main\AndroidManifest.xml:12:9-46
18
19    <uses-permission android:name="android.permission.ACCESS_WIFI_STATE" />
19-->[com.google.android.libraries.places:places:3.1.0] AndroidManifest.xml:11:5-76
19-->[com.google.android.libraries.places:places:3.1.0] AndroidManifest.xml:11:22-73
20    <uses-permission android:name="android.permission.ACCESS_NETWORK_STATE" />
20-->[com.google.firebase:firebase-auth:22.0.0] AndroidManifest.xml:26:5-79
20-->[com.google.firebase:firebase-auth:22.0.0] AndroidManifest.xml:26:22-76
21
22    <uses-feature
22-->[com.google.android.gms:play-services-maps:18.1.0] AndroidManifest.xml:26:5-28:35
23        android:glEsVersion="0x00020000"
23-->[com.google.android.gms:play-services-maps:18.1.0] AndroidManifest.xml:27:9-41
24        android:required="true" />
24-->[com.google.android.gms:play-services-maps:18.1.0] AndroidManifest.xml:28:9-32
25
26    <queries>
26-->[com.google.android.gms:play-services-maps:18.1.0] AndroidManifest.xml:30:5-34:15
27
28        <!-- Needs to be explicitly declared on Android R+ -->
29        <package android:name="com.google.android.apps.maps" />
29-->[com.google.android.gms:play-services-maps:18.1.0] AndroidManifest.xml:33:9-64
29-->[com.google.android.gms:play-services-maps:18.1.0] AndroidManifest.xml:33:18-61
30
31        <intent>
31-->[androidx.wear.tiles:tiles:1.1.0-alpha04] AndroidManifest.xml:10:9-12:18
32            <action android:name="androidx.wear.tiles.action.BIND_UPDATE_REQUESTER" />
32-->[androidx.wear.tiles:tiles:1.1.0-alpha04] AndroidManifest.xml:11:13-87
32-->[androidx.wear.tiles:tiles:1.1.0-alpha04] AndroidManifest.xml:11:21-84
33        </intent>
34    </queries>
35
36    <permission
36-->[androidx.core:core:1.9.0] AndroidManifest.xml:22:5-24:47
37        android:name="com.example.allergicateversion2.DYNAMIC_RECEIVER_NOT_EXPORTED_PERMISSION"
37-->[androidx.core:core:1.9.0] AndroidManifest.xml:23:9-81
38        android:protectionLevel="signature" />
38-->[androidx.core:core:1.9.0] AndroidManifest.xml:24:9-44
39
40    <uses-permission android:name="com.example.allergicateversion2.DYNAMIC_RECEIVER_NOT_EXPORTED_PERMISSION" />
40-->[androidx.core:core:1.9.0] AndroidManifest.xml:26:5-97
40-->[androidx.core:core:1.9.0] AndroidManifest.xml:26:22-94
41
42    <application
42-->src\main\AndroidManifest.xml:14:5-67:19
43        android:allowBackup="true"
43-->src\main\AndroidManifest.xml:15:9-35
44        android:appComponentFactory="androidx.core.app.CoreComponentFactory"
44-->[androidx.core:core:1.9.0] AndroidManifest.xml:28:18-86
45        android:dataExtractionRules="@xml/data_extraction_rules"
45-->src\main\AndroidManifest.xml:16:9-65
46        android:debuggable="true"
47        android:extractNativeLibs="false"
48        android:fullBackupContent="@xml/backup_rules"
48-->src\main\AndroidManifest.xml:17:9-54
49        android:icon="@mipmap/ic_launcher"
49-->src\main\AndroidManifest.xml:18:9-43
50        android:label="@string/app_name"
50-->src\main\AndroidManifest.xml:19:9-41
51        android:supportsRtl="true"
51-->src\main\AndroidManifest.xml:20:9-35
52        android:testOnly="true"
53        android:theme="@style/Theme.ALLERGICATEVersion2"
53-->src\main\AndroidManifest.xml:21:9-57
54        android:usesCleartextTraffic="true" >
54-->src\main\AndroidManifest.xml:22:9-44
55        <activity
55-->src\main\AndroidManifest.xml:24:9-26:40
56            android:name="com.example.allergicateversion2.RestaurantInformation"
56-->src\main\AndroidManifest.xml:25:13-50
57            android:exported="false" />
57-->src\main\AndroidManifest.xml:26:13-37
58        <activity
58-->src\main\AndroidManifest.xml:27:9-31:76
59            android:name="com.example.allergicateversion2.RestaurantDetailsScrollingActivity"
59-->src\main\AndroidManifest.xml:28:13-63
60            android:exported="false"
60-->src\main\AndroidManifest.xml:29:13-37
61            android:label="@string/title_activity_scrolling"
61-->src\main\AndroidManifest.xml:30:13-61
62            android:theme="@style/Theme.ALLERGICATEVersion2.NoActionBar" />
62-->src\main\AndroidManifest.xml:31:13-73
63        <activity
63-->src\main\AndroidManifest.xml:32:9-34:40
64            android:name="com.example.allergicateversion2.RestaurantInfo"
64-->src\main\AndroidManifest.xml:33:13-43
65            android:exported="false" />
65-->src\main\AndroidManifest.xml:34:13-37
66        <activity
66-->src\main\AndroidManifest.xml:35:9-37:40
67            android:name="com.example.allergicateversion2.SearchResultsMap"
67-->src\main\AndroidManifest.xml:36:13-45
68            android:exported="false" />
68-->src\main\AndroidManifest.xml:37:13-37
69        <activity
69-->src\main\AndroidManifest.xml:38:9-40:40
70            android:name="com.example.allergicateversion2.AllergyList"
70-->src\main\AndroidManifest.xml:39:13-40
71            android:exported="false" />
71-->src\main\AndroidManifest.xml:40:13-37
72        <activity
72-->src\main\AndroidManifest.xml:41:9-43:40
73            android:name="com.example.allergicateversion2.ForgotPassword"
73-->src\main\AndroidManifest.xml:42:13-43
74            android:exported="false" />
74-->src\main\AndroidManifest.xml:43:13-37
75        <activity
75-->src\main\AndroidManifest.xml:44:9-46:40
76            android:name="com.example.allergicateversion2.HomeScreen"
76-->src\main\AndroidManifest.xml:45:13-39
77            android:exported="false" />
77-->src\main\AndroidManifest.xml:46:13-37
78        <activity
78-->src\main\AndroidManifest.xml:47:9-49:40
79            android:name="com.example.allergicateversion2.RegisterActivity"
79-->src\main\AndroidManifest.xml:48:13-45
80            android:exported="false" /> <!-- <activity -->
80-->src\main\AndroidManifest.xml:49:13-37
81        <!-- android:name=".ForgotPassword" -->
82        <!-- android:exported="false" /> -->
83        <activity android:name="com.example.allergicateversion2.LoginActivity" /> <!-- android:exported="false" -->
83-->src\main\AndroidManifest.xml:52:9-51
83-->src\main\AndroidManifest.xml:52:19-48
84        <!-- android:label="Login" /> -->
85        <activity
85-->src\main\AndroidManifest.xml:54:9-62:20
86            android:name="com.example.allergicateversion2.MainActivity"
86-->src\main\AndroidManifest.xml:55:13-41
87            android:exported="true" >
87-->src\main\AndroidManifest.xml:56:13-36
88            <intent-filter>
88-->src\main\AndroidManifest.xml:57:13-61:29
89                <action android:name="android.intent.action.MAIN" />
89-->src\main\AndroidManifest.xml:58:17-69
89-->src\main\AndroidManifest.xml:58:25-66
90
91                <category android:name="android.intent.category.LAUNCHER" />
91-->src\main\AndroidManifest.xml:60:17-77
91-->src\main\AndroidManifest.xml:60:27-74
92            </intent-filter>
93        </activity>
94
95        <meta-data
95-->src\main\AndroidManifest.xml:64:9-66:71
96            android:name="com.google.android.geo.API_KEY"
96-->src\main\AndroidManifest.xml:65:13-58
97            android:value="AIzaSyAXrKBr0Z5qfRC-F-eZH_Rxbbpb4IHuwo4" />
97-->src\main\AndroidManifest.xml:66:13-68
98
99        <activity
99-->[com.google.android.libraries.places:places:3.1.0] AndroidManifest.xml:15:9-21:20
100            android:name="com.google.android.libraries.places.widget.AutocompleteActivity"
100-->[com.google.android.libraries.places:places:3.1.0] AndroidManifest.xml:16:13-91
101            android:exported="false"
101-->[com.google.android.libraries.places:places:3.1.0] AndroidManifest.xml:17:13-37
102            android:label="@string/places_autocomplete_label"
102-->[com.google.android.libraries.places:places:3.1.0] AndroidManifest.xml:18:13-62
103            android:theme="@style/PlacesAutocompleteOverlay"
103-->[com.google.android.libraries.places:places:3.1.0] AndroidManifest.xml:19:13-61
104            android:windowSoftInputMode="adjustResize" >
104-->[com.google.android.libraries.places:places:3.1.0] AndroidManifest.xml:20:13-55
105        </activity>
106        <activity
106-->[com.google.firebase:firebase-auth:22.0.0] AndroidManifest.xml:29:9-46:20
107            android:name="com.google.firebase.auth.internal.GenericIdpActivity"
107-->[com.google.firebase:firebase-auth:22.0.0] AndroidManifest.xml:30:13-80
108            android:excludeFromRecents="true"
108-->[com.google.firebase:firebase-auth:22.0.0] AndroidManifest.xml:31:13-46
109            android:exported="true"
109-->[com.google.firebase:firebase-auth:22.0.0] AndroidManifest.xml:32:13-36
110            android:launchMode="singleTask"
110-->[com.google.firebase:firebase-auth:22.0.0] AndroidManifest.xml:33:13-44
111            android:theme="@android:style/Theme.Translucent.NoTitleBar" >
111-->[com.google.firebase:firebase-auth:22.0.0] AndroidManifest.xml:34:13-72
112            <intent-filter>
112-->[com.google.firebase:firebase-auth:22.0.0] AndroidManifest.xml:35:13-45:29
113                <action android:name="android.intent.action.VIEW" />
113-->[com.google.firebase:firebase-auth:22.0.0] AndroidManifest.xml:36:17-69
113-->[com.google.firebase:firebase-auth:22.0.0] AndroidManifest.xml:36:25-66
114
115                <category android:name="android.intent.category.DEFAULT" />
115-->[com.google.firebase:firebase-auth:22.0.0] AndroidManifest.xml:38:17-76
115-->[com.google.firebase:firebase-auth:22.0.0] AndroidManifest.xml:38:27-73
116                <category android:name="android.intent.category.BROWSABLE" />
116-->[com.google.firebase:firebase-auth:22.0.0] AndroidManifest.xml:39:17-78
116-->[com.google.firebase:firebase-auth:22.0.0] AndroidManifest.xml:39:27-75
117
118                <data
118-->[com.google.firebase:firebase-auth:22.0.0] AndroidManifest.xml:41:17-44:51
119                    android:host="firebase.auth"
119-->[com.google.firebase:firebase-auth:22.0.0] AndroidManifest.xml:42:21-49
120                    android:path="/"
120-->[com.google.firebase:firebase-auth:22.0.0] AndroidManifest.xml:43:21-37
121                    android:scheme="genericidp" />
121-->[com.google.firebase:firebase-auth:22.0.0] AndroidManifest.xml:44:21-48
122            </intent-filter>
123        </activity>
124        <activity
124-->[com.google.firebase:firebase-auth:22.0.0] AndroidManifest.xml:47:9-64:20
125            android:name="com.google.firebase.auth.internal.RecaptchaActivity"
125-->[com.google.firebase:firebase-auth:22.0.0] AndroidManifest.xml:48:13-79
126            android:excludeFromRecents="true"
126-->[com.google.firebase:firebase-auth:22.0.0] AndroidManifest.xml:49:13-46
127            android:exported="true"
127-->[com.google.firebase:firebase-auth:22.0.0] AndroidManifest.xml:50:13-36
128            android:launchMode="singleTask"
128-->[com.google.firebase:firebase-auth:22.0.0] AndroidManifest.xml:51:13-44
129            android:theme="@android:style/Theme.Translucent.NoTitleBar" >
129-->[com.google.firebase:firebase-auth:22.0.0] AndroidManifest.xml:52:13-72
130            <intent-filter>
130-->[com.google.firebase:firebase-auth:22.0.0] AndroidManifest.xml:53:13-63:29
131                <action android:name="android.intent.action.VIEW" />
131-->[com.google.firebase:firebase-auth:22.0.0] AndroidManifest.xml:36:17-69
131-->[com.google.firebase:firebase-auth:22.0.0] AndroidManifest.xml:36:25-66
132
133                <category android:name="android.intent.category.DEFAULT" />
133-->[com.google.firebase:firebase-auth:22.0.0] AndroidManifest.xml:38:17-76
133-->[com.google.firebase:firebase-auth:22.0.0] AndroidManifest.xml:38:27-73
134                <category android:name="android.intent.category.BROWSABLE" />
134-->[com.google.firebase:firebase-auth:22.0.0] AndroidManifest.xml:39:17-78
134-->[com.google.firebase:firebase-auth:22.0.0] AndroidManifest.xml:39:27-75
135
136                <data
136-->[com.google.firebase:firebase-auth:22.0.0] AndroidManifest.xml:41:17-44:51
137                    android:host="firebase.auth"
137-->[com.google.firebase:firebase-auth:22.0.0] AndroidManifest.xml:42:21-49
138                    android:path="/"
138-->[com.google.firebase:firebase-auth:22.0.0] AndroidManifest.xml:43:21-37
139                    android:scheme="recaptcha" />
139-->[com.google.firebase:firebase-auth:22.0.0] AndroidManifest.xml:44:21-48
140            </intent-filter>
141        </activity>
142
143        <service
143-->[com.google.firebase:firebase-auth:22.0.0] AndroidManifest.xml:66:9-72:19
144            android:name="com.google.firebase.components.ComponentDiscoveryService"
144-->[com.google.firebase:firebase-auth:22.0.0] AndroidManifest.xml:67:13-84
145            android:directBootAware="true"
145-->[com.google.firebase:firebase-common:20.3.2] AndroidManifest.xml:34:13-43
146            android:exported="false" >
146-->[com.google.firebase:firebase-auth:22.0.0] AndroidManifest.xml:68:13-37
147            <meta-data
147-->[com.google.firebase:firebase-auth:22.0.0] AndroidManifest.xml:69:13-71:85
148                android:name="com.google.firebase.components:com.google.firebase.auth.FirebaseAuthRegistrar"
148-->[com.google.firebase:firebase-auth:22.0.0] AndroidManifest.xml:70:17-109
149                android:value="com.google.firebase.components.ComponentRegistrar" />
149-->[com.google.firebase:firebase-auth:22.0.0] AndroidManifest.xml:71:17-82
150            <meta-data
150-->[com.google.firebase:firebase-database:20.2.2] AndroidManifest.xml:31:13-33:85
151                android:name="com.google.firebase.components:com.google.firebase.database.DatabaseRegistrar"
151-->[com.google.firebase:firebase-database:20.2.2] AndroidManifest.xml:32:17-109
152                android:value="com.google.firebase.components.ComponentRegistrar" />
152-->[com.google.firebase:firebase-database:20.2.2] AndroidManifest.xml:33:17-82
153        </service>
154
155        <activity
155-->[com.google.android.gms:play-services-auth:20.6.0] AndroidManifest.xml:23:9-27:75
156            android:name="com.google.android.gms.auth.api.signin.internal.SignInHubActivity"
156-->[com.google.android.gms:play-services-auth:20.6.0] AndroidManifest.xml:24:13-93
157            android:excludeFromRecents="true"
157-->[com.google.android.gms:play-services-auth:20.6.0] AndroidManifest.xml:25:13-46
158            android:exported="false"
158-->[com.google.android.gms:play-services-auth:20.6.0] AndroidManifest.xml:26:13-37
159            android:theme="@android:style/Theme.Translucent.NoTitleBar" />
159-->[com.google.android.gms:play-services-auth:20.6.0] AndroidManifest.xml:27:13-72
160        <!--
161            Service handling Google Sign-In user revocation. For apps that do not integrate with
162            Google Sign-In, this service will never be started.
163        -->
164        <service
164-->[com.google.android.gms:play-services-auth:20.6.0] AndroidManifest.xml:33:9-37:51
165            android:name="com.google.android.gms.auth.api.signin.RevocationBoundService"
165-->[com.google.android.gms:play-services-auth:20.6.0] AndroidManifest.xml:34:13-89
166            android:exported="true"
166-->[com.google.android.gms:play-services-auth:20.6.0] AndroidManifest.xml:35:13-36
167            android:permission="com.google.android.gms.auth.api.signin.permission.REVOCATION_NOTIFICATION"
167-->[com.google.android.gms:play-services-auth:20.6.0] AndroidManifest.xml:36:13-107
168            android:visibleToInstantApps="true" /> <!-- Needs to be explicitly declared on P+ -->
168-->[com.google.android.gms:play-services-auth:20.6.0] AndroidManifest.xml:37:13-48
169        <uses-library
169-->[com.google.android.gms:play-services-maps:18.1.0] AndroidManifest.xml:39:9-41:40
170            android:name="org.apache.http.legacy"
170-->[com.google.android.gms:play-services-maps:18.1.0] AndroidManifest.xml:40:13-50
171            android:required="false" />
171-->[com.google.android.gms:play-services-maps:18.1.0] AndroidManifest.xml:41:13-37
172
173        <activity
173-->[com.google.android.gms:play-services-base:18.1.0] AndroidManifest.xml:20:9-22:45
174            android:name="com.google.android.gms.common.api.GoogleApiActivity"
174-->[com.google.android.gms:play-services-base:18.1.0] AndroidManifest.xml:20:19-85
175            android:exported="false"
175-->[com.google.android.gms:play-services-base:18.1.0] AndroidManifest.xml:22:19-43
176            android:theme="@android:style/Theme.Translucent.NoTitleBar" />
176-->[com.google.android.gms:play-services-base:18.1.0] AndroidManifest.xml:21:19-78
177
178        <provider
178-->[com.google.firebase:firebase-common:20.3.2] AndroidManifest.xml:25:9-30:39
179            android:name="com.google.firebase.provider.FirebaseInitProvider"
179-->[com.google.firebase:firebase-common:20.3.2] AndroidManifest.xml:26:13-77
180            android:authorities="com.example.allergicateversion2.firebaseinitprovider"
180-->[com.google.firebase:firebase-common:20.3.2] AndroidManifest.xml:27:13-72
181            android:directBootAware="true"
181-->[com.google.firebase:firebase-common:20.3.2] AndroidManifest.xml:28:13-43
182            android:exported="false"
182-->[com.google.firebase:firebase-common:20.3.2] AndroidManifest.xml:29:13-37
183            android:initOrder="100" />
183-->[com.google.firebase:firebase-common:20.3.2] AndroidManifest.xml:30:13-36
184
185        <meta-data
185-->[com.google.android.gms:play-services-basement:18.2.0] AndroidManifest.xml:21:9-23:69
186            android:name="com.google.android.gms.version"
186-->[com.google.android.gms:play-services-basement:18.2.0] AndroidManifest.xml:22:13-58
187            android:value="@integer/google_play_services_version" />
187-->[com.google.android.gms:play-services-basement:18.2.0] AndroidManifest.xml:23:13-66
188
189        <provider
189-->[androidx.emoji2:emoji2:1.2.0] AndroidManifest.xml:24:9-32:20
190            android:name="androidx.startup.InitializationProvider"
190-->[androidx.emoji2:emoji2:1.2.0] AndroidManifest.xml:25:13-67
191            android:authorities="com.example.allergicateversion2.androidx-startup"
191-->[androidx.emoji2:emoji2:1.2.0] AndroidManifest.xml:26:13-68
192            android:exported="false" >
192-->[androidx.emoji2:emoji2:1.2.0] AndroidManifest.xml:27:13-37
193            <meta-data
193-->[androidx.emoji2:emoji2:1.2.0] AndroidManifest.xml:29:13-31:52
194                android:name="androidx.emoji2.text.EmojiCompatInitializer"
194-->[androidx.emoji2:emoji2:1.2.0] AndroidManifest.xml:30:17-75
195                android:value="androidx.startup" />
195-->[androidx.emoji2:emoji2:1.2.0] AndroidManifest.xml:31:17-49
196            <meta-data
196-->[androidx.lifecycle:lifecycle-process:2.4.1] AndroidManifest.xml:31:13-33:52
197                android:name="androidx.lifecycle.ProcessLifecycleInitializer"
197-->[androidx.lifecycle:lifecycle-process:2.4.1] AndroidManifest.xml:32:17-78
198                android:value="androidx.startup" />
198-->[androidx.lifecycle:lifecycle-process:2.4.1] AndroidManifest.xml:33:17-49
199        </provider>
200
201        <service
201-->[com.google.android.datatransport:transport-backend-cct:2.3.0] AndroidManifest.xml:29:9-35:19
202            android:name="com.google.android.datatransport.runtime.backends.TransportBackendDiscovery"
202-->[com.google.android.datatransport:transport-backend-cct:2.3.0] AndroidManifest.xml:30:13-103
203            android:exported="false" >
203-->[com.google.android.datatransport:transport-backend-cct:2.3.0] AndroidManifest.xml:31:13-37
204            <meta-data
204-->[com.google.android.datatransport:transport-backend-cct:2.3.0] AndroidManifest.xml:32:13-34:39
205                android:name="backend:com.google.android.datatransport.cct.CctBackendFactory"
205-->[com.google.android.datatransport:transport-backend-cct:2.3.0] AndroidManifest.xml:33:17-94
206                android:value="cct" />
206-->[com.google.android.datatransport:transport-backend-cct:2.3.0] AndroidManifest.xml:34:17-36
207        </service>
208        <service
208-->[com.google.android.datatransport:transport-runtime:2.2.3] AndroidManifest.xml:26:9-30:19
209            android:name="com.google.android.datatransport.runtime.scheduling.jobscheduling.JobInfoSchedulerService"
209-->[com.google.android.datatransport:transport-runtime:2.2.3] AndroidManifest.xml:27:13-117
210            android:exported="false"
210-->[com.google.android.datatransport:transport-runtime:2.2.3] AndroidManifest.xml:28:13-37
211            android:permission="android.permission.BIND_JOB_SERVICE" >
211-->[com.google.android.datatransport:transport-runtime:2.2.3] AndroidManifest.xml:29:13-69
212        </service>
213
214        <receiver
214-->[com.google.android.datatransport:transport-runtime:2.2.3] AndroidManifest.xml:32:9-34:40
215            android:name="com.google.android.datatransport.runtime.scheduling.jobscheduling.AlarmManagerSchedulerBroadcastReceiver"
215-->[com.google.android.datatransport:transport-runtime:2.2.3] AndroidManifest.xml:33:13-132
216            android:exported="false" />
216-->[com.google.android.datatransport:transport-runtime:2.2.3] AndroidManifest.xml:34:13-37
217    </application>
218
219</manifest>